<?xml version="1.0" encoding="UTF-8"?>
<!-- Generated by org.testng.reporters.JUnitReportReporter -->
<testsuite skipped="0" hostname="LUK-MP1ZJ09L" name="RestAPI.PostRequest" tests="4" failures="0" timestamp="2022-05-08T23:36:30 BST" time="0.003" errors="0">
  <testcase name="checkStatusCode" time="0.000" classname="RestAPI.PostRequest"/>
  <system-out/>
  <testcase name="checkcontentType" time="0.001" classname="RestAPI.PostRequest"/>
  <system-out/>
  <testcase name="checkResonseBody" time="0.001" classname="RestAPI.PostRequest"/>
  <system-out/>
  <testcase name="checkStatusLine" time="0.001" classname="RestAPI.PostRequest"/>
  <system-out/>
</testsuite> <!-- RestAPI.PostRequest -->
