<?xml version="1.0" encoding="UTF-8"?>
<!-- Generated by org.testng.reporters.JUnitReportReporter -->
<testsuite skipped="0" hostname="LUK-MP1ZJ09L" name="testcases.LeadContactDetailsTest" tests="1" failures="0" timestamp="2022-05-09T23:07:11 BST" time="28.766" errors="0">
  <testcase name="verifyLeadContactDetailsTest" time="28.766" classname="testcases.LeadContactDetailsTest"/>
  <system-out/>
</testsuite> <!-- testcases.LeadContactDetailsTest -->
