<?xml version="1.0" encoding="UTF-8"?>
<!-- Generated by org.testng.reporters.JUnitReportReporter -->
<testsuite skipped="0" hostname="LUK-MP1ZJ09L" name="RestAPI.GetRequest" tests="8" failures="0" timestamp="2022-05-08T23:36:30 BST" time="0.014" errors="0">
  <testcase name="checkResponseBody" time="0.012" classname="RestAPI.GetRequest"/>
  <system-out/>
  <testcase name="checkcontentType" time="0.000" classname="RestAPI.GetRequest"/>
  <system-out/>
  <testcase name="checkStatusLine" time="0.000" classname="RestAPI.GetRequest"/>
  <system-out/>
  <testcase name="checkStatusCode" time="0.000" classname="RestAPI.GetRequest"/>
  <system-out/>
  <testcase name="checkcontentLength" time="0.000" classname="RestAPI.GetRequest"/>
  <system-out/>
  <testcase name="checkResponseTime" time="0.001" classname="RestAPI.GetRequest"/>
  <system-out/>
  <testcase name="checkcontentEncoding" time="0.000" classname="RestAPI.GetRequest"/>
  <system-out/>
  <testcase name="checkserverType" time="0.001" classname="RestAPI.GetRequest"/>
  <system-out/>
</testsuite> <!-- RestAPI.GetRequest -->
