<?xml version="1.0" encoding="UTF-8"?>
<!-- Generated by org.testng.reporters.JUnitReportReporter -->
<testsuite skipped="0" hostname="LUK-MP1ZJ09L" name="testcases.ResultTestCase" tests="1" failures="0" timestamp="2022-05-09T19:12:02 BST" time="30.829" errors="0">
  <testcase name="testResult" time="30.829" classname="testcases.ResultTestCase"/>
  <system-out/>
</testsuite> <!-- testcases.ResultTestCase -->
