<?xml version="1.0" encoding="UTF-8"?>
<!-- Generated by org.testng.reporters.JUnitReportReporter -->
<testsuite skipped="0" hostname="LUK-MP1ZJ09L" name="testcases.PassengerDetailsTest" tests="1" failures="0" timestamp="2022-05-09T23:07:11 BST" time="24.047" errors="0">
  <testcase name="verifyPassengerDetailsTest" time="24.047" classname="testcases.PassengerDetailsTest"/>
  <system-out/>
</testsuite> <!-- testcases.PassengerDetailsTest -->
