<?xml version="1.0" encoding="UTF-8"?>
<!-- Generated by org.testng.reporters.JUnitReportReporter -->
<testsuite skipped="0" hostname="LUK-MP1ZJ09L" name="testcases.HolidayTest" tests="1" failures="0" timestamp="2022-05-09T23:07:11 BST" time="10.325" errors="0">
  <testcase name="verifyHolidayTest" time="10.325" classname="testcases.HolidayTest"/>
  <system-out/>
</testsuite> <!-- testcases.HolidayTest -->
