<?xml version="1.0" encoding="UTF-8"?>
<!-- Generated by org.testng.reporters.JUnitReportReporter -->
<testsuite skipped="0" hostname="LUK-MP1ZJ09L" name="testcases.AccommodationTest" tests="1" failures="0" timestamp="2022-05-09T23:07:11 BST" time="21.968" errors="0">
  <testcase name="verifyAccommodationDetailsTest" time="21.968" classname="testcases.AccommodationTest"/>
  <system-out/>
</testsuite> <!-- testcases.AccommodationTest -->
